WhatsApp/app/build/outputs/logs/manifest-merger-debug-report.txt
-- Merging decision tree log ---
manifest
ADDED from src\main\AndroidManifest.xml:2:1-46:12
INJECTED from src\main\AndroidManifest.xml:2:1-46:12
INJECTED from src\main\AndroidManifest.xml:2:1-46:12
INJECTED from src\main\AndroidManifest.xml:2:1-46:12
MERGED from [com.android.support:design:28.0.0] AndroidManifest.xml:17:1-24:12
MERGED from [com.github.rtoshiro.mflibrary:mflibrary:1.0.0] AndroidManifest.xml:2:1-17:12
MERGED from [com.android.support:appcompat-v7:28.0.0] AndroidManifest.xml:17:1-22:12
MERGED from [com.android.support.constraint:constraint-layout:1.1.3] AndroidManifest.xml:2:1-11:12
MERGED from [com.google.firebase:firebase-core:16.0.4] AndroidManifest.xml:2:1-9:12
MERGED from [com.google.firebase:firebase-database:16.0.3] AndroidManifest.xml:15:1-25:12
MERGED from [com.google.firebase:firebase-storage:16.0.3] AndroidManifest.xml:15:1-26:12
MERGED from [com.google.firebase:firebase-auth:16.0.4] AndroidManifest.xml:17:1-38:12
MERGED from [com.google.firebase:firebase-measurement-connector-impl:17.0.2] AndroidManifest.xml:17:1-34:12
MERGED from [com.google.firebase:firebase-analytics:16.0.4] AndroidManifest.xml:17:1-55:12
MERGED from [com.google.android.gms:play-services-flags:16.0.1] AndroidManifest.xml:17:1-22:12
MERGED from [com.google.firebase:firebase-auth-interop:16.0.1] AndroidManifest.xml:2:1-10:12
MERGED from [com.google.android.gms:play-services-measurement-api:16.0.2] AndroidManifest.xml:17:1-25:12
MERGED from [com.google.firebase:firebase-analytics-impl:16.2.2] AndroidManifest.xml:17:1-40:12
MERGED from [com.google.firebase:firebase-iid:17.0.3] AndroidManifest.xml:17:1-59:12
MERGED from [com.google.firebase:firebase-iid-interop:16.0.1] AndroidManifest.xml:2:1-10:12
MERGED from [com.google.android.gms:play-services-base:16.0.1] AndroidManifest.xml:17:1-29:12
MERGED from [com.google.firebase:firebase-common:16.0.3] AndroidManifest.xml:2:1-17:12
MERGED from [com.google.android.gms:play-services-tasks:16.0.1] AndroidManifest.xml:2:1-9:12
MERGED from [com.google.firebase:firebase-database-collection:16.0.0] AndroidManifest.xml:2:1-8:12
MERGED from [com.google.android.gms:play-services-stats:16.0.1] AndroidManifest.xml:2:1-9:12
MERGED from [com.google.firebase:firebase-measurement-connector:17.0.1] AndroidManifest.xml:17:1-25:12
MERGED from [com.google.android.gms:play-services-ads-identifier:16.0.0] AndroidManifest.xml:17:1-24:12
MERGED from [com.google.android.gms:play-services-basement:16.0.1] AndroidManifest.xml:17:1-28:12
MERGED from [com.android.support:support-v4:28.0.0] AndroidManifest.xml:17:1-22:12
MERGED from [com.android.support:support-fragment:28.0.0] AndroidManifest.xml:17:1-22:12
MERGED from [com.android.support:recyclerview-v7:28.0.0] AndroidManifest.xml:17:1-22:12
MERGED from [com.android.support:animated-vector-drawable:28.0.0] AndroidManifest.xml:17:1-22:12
MERGED from [com.android.support:support-core-ui:28.0.0] AndroidManifest.xml:17:1-22:12
MERGED from [com.android.support:support-core-utils:28.0.0] AndroidManifest.xml:17:1-22:12
MERGED from [com.android.support:transition:28.0.0] AndroidManifest.xml:17:1-22:12
MERGED from [com.android.support:loader:28.0.0] AndroidManifest.xml:17:1-22:12
MERGED from [com.android.support:viewpager:28.0.0] AndroidManifest.xml:17:1-22:12
MERGED from [com.android.support:coordinatorlayout:28.0.0] AndroidManifest.xml:17:1-22:12
MERGED from [com.android.support:drawerlayout:28.0.0] AndroidManifest.xml:17:1-22:12
MERGED from [com.android.support:slidingpanelayout:28.0.0] AndroidManifest.xml:17:1-22:12
MERGED from [com.android.support:customview:28.0.0] AndroidManifest.xml:17:1-22:12
MERGED from [com.android.support:swiperefreshlayout:28.0.0] AndroidManifest.xml:17:1-22:12
MERGED from [com.android.support:asynclayoutinflater:28.0.0] AndroidManifest.xml:17:1-22:12
MERGED from [com.android.support:support-vector-drawable:28.0.0] AndroidManifest.xml:17:1-22:12
MERGED from [com.android.support:support-media-compat:28.0.0] AndroidManifest.xml:17:1-22:12
MERGED from [com.android.support:support-compat:28.0.0] AndroidManifest.xml:17:1-24:12
MERGED from [me.leolin:ShortcutBadger:1.1.22] AndroidManifest.xml:2:1-52:12
MERGED from [com.android.support:versionedparcelable:28.0.0] AndroidManifest.xml:17:1-25:12
MERGED from [android.arch.lifecycle:livedata:1.1.1] AndroidManifest.xml:17:1-22:12
MERGED from [android.arch.lifecycle:livedata-core:1.1.1] AndroidManifest.xml:17:1-22:12
MERGED from [android.arch.core:runtime:1.1.1] AndroidManifest.xml:17:1-22:12
MERGED from [android.arch.lifecycle:runtime:1.1.1] AndroidManifest.xml:17:1-22:12
MERGED from [com.android.support:cardview-v7:28.0.0] AndroidManifest.xml:17:1-22:12
MERGED from [com.android.support:documentfile:28.0.0] AndroidManifest.xml:17:1-22:12
MERGED from [com.android.support:localbroadcastmanager:28.0.0] AndroidManifest.xml:17:1-22:12
MERGED from [com.android.support:print:28.0.0] AndroidManifest.xml:17:1-22:12
MERGED from [android.arch.lifecycle:viewmodel:1.1.1] AndroidManifest.xml:17:1-22:12
MERGED from [com.android.support:interpolator:28.0.0] AndroidManifest.xml:17:1-22:12
MERGED from [com.android.support:cursoradapter:28.0.0] AndroidManifest.xml:17:1-22:12
MERGED from [com.google.android.gms:play-services-measurement-base:16.0.3] AndroidManifest.xml:2:1-9:12
INJECTED from src\main\AndroidManifest.xml:2:1-46:12
INJECTED from src\main\AndroidManifest.xml:2:1-46:12
INJECTED from src\main\AndroidManifest.xml:2:1-46:12
	package
		ADDED from src\main\AndroidManifest.xml:3:5-59
		INJECTED from src\main\AndroidManifest.xml
		INJECTED from src\main\AndroidManifest.xml
	android:versionName
		INJECTED from src\main\AndroidManifest.xml
		ADDED from src\main\AndroidManifest.xml:2:1-46:12
		INJECTED from src\main\AndroidManifest.xml
	android:versionCode
		INJECTED from src\main\AndroidManifest.xml
		ADDED from src\main\AndroidManifest.xml:2:1-46:12
		INJECTED from src\main\AndroidManifest.xml
	xmlns:android
		ADDED from src\main\AndroidManifest.xml:2:11-69
uses-permission#android.permission.INTERNET
ADDED from src\main\AndroidManifest.xml:5:5-67
MERGED from [com.google.firebase:firebase-database:16.0.3] AndroidManifest.xml:23:5-67
MERGED from [com.google.firebase:firebase-database:16.0.3] AndroidManifest.xml:23:5-67
MERGED from [com.google.firebase:firebase-storage:16.0.3] AndroidManifest.xml:24:5-67
MERGED from [com.google.firebase:firebase-storage:16.0.3] AndroidManifest.xml:24:5-67
MERGED from [com.google.firebase:firebase-measurement-connector-impl:17.0.2] AndroidManifest.xml:22:5-67
MERGED from [com.google.firebase:firebase-measurement-connector-impl:17.0.2] AndroidManifest.xml:22:5-67
MERGED from [com.google.firebase:firebase-analytics:16.0.4] AndroidManifest.xml:23:5-67
MERGED from [com.google.firebase:firebase-analytics:16.0.4] AndroidManifest.xml:23:5-67
MERGED from [com.google.firebase:firebase-analytics-impl:16.2.2] AndroidManifest.xml:23:5-67
MERGED from [com.google.firebase:firebase-analytics-impl:16.2.2] AndroidManifest.xml:23:5-67
MERGED from [com.google.firebase:firebase-iid:17.0.3] AndroidManifest.xml:23:5-67
MERGED from [com.google.firebase:firebase-iid:17.0.3] AndroidManifest.xml:23:5-67
	android:name
		ADDED from src\main\AndroidManifest.xml:5:22-64
uses-permission#android.permission.SEND_SMS
ADDED from src\main\AndroidManifest.xml:6:5-67
	android:name
		ADDED from src\main\AndroidManifest.xml:6:22-64
uses-permission#android.permission.READ_EXTERNAL_STORAGE
ADDED from src\main\AndroidManifest.xml:7:5-79
	android:name
		ADDED from src\main\AndroidManifest.xml:7:22-77
uses-permission#android.permission.READ_INTERNAL_STORAGE
ADDED from src\main\AndroidManifest.xml:8:5-79
	android:name
		ADDED from src\main\AndroidManifest.xml:8:22-77
uses-permission#android.permission.WRITE_EXTERNAL_STORAGE
ADDED from src\main\AndroidManifest.xml:9:5-80
	android:name
		ADDED from src\main\AndroidManifest.xml:9:22-78
uses-permission#android.permission.WRITE_INTERNAL_STORAGE
ADDED from src\main\AndroidManifest.xml:10:5-80
	android:name
		ADDED from src\main\AndroidManifest.xml:10:22-78
application
ADDED from src\main\AndroidManifest.xml:12:5-44:19
MERGED from [com.android.support:design:28.0.0] AndroidManifest.xml:22:5-20
MERGED from [com.android.support:design:28.0.0] AndroidManifest.xml:22:5-20
MERGED from [com.github.rtoshiro.mflibrary:mflibrary:1.0.0] AndroidManifest.xml:11:5-15:19
MERGED from [com.github.rtoshiro.mflibrary:mflibrary:1.0.0] AndroidManifest.xml:11:5-15:19
MERGED from [com.android.support.constraint:constraint-layout:1.1.3] AndroidManifest.xml:9:5-20
MERGED from [com.android.support.constraint:constraint-layout:1.1.3] AndroidManifest.xml:9:5-20
MERGED from [com.google.firebase:firebase-core:16.0.4] AndroidManifest.xml:7:5-20
MERGED from [com.google.firebase:firebase-core:16.0.4] AndroidManifest.xml:7:5-20
MERGED from [com.google.firebase:firebase-auth:16.0.4] AndroidManifest.xml:22:5-36:19
MERGED from [com.google.firebase:firebase-auth:16.0.4] AndroidManifest.xml:22:5-36:19
MERGED from [com.google.firebase:firebase-measurement-connector-impl:17.0.2] AndroidManifest.xml:26:5-32:19
MERGED from [com.google.firebase:firebase-measurement-connector-impl:17.0.2] AndroidManifest.xml:26:5-32:19
MERGED from [com.google.firebase:firebase-analytics:16.0.4] AndroidManifest.xml:28:5-53:19
MERGED from [com.google.firebase:firebase-analytics:16.0.4] AndroidManifest.xml:28:5-53:19
MERGED from [com.google.firebase:firebase-auth-interop:16.0.1] AndroidManifest.xml:7:5-8:19
MERGED from [com.google.firebase:firebase-auth-interop:16.0.1] AndroidManifest.xml:7:5-8:19
MERGED from [com.google.android.gms:play-services-measurement-api:16.0.2] AndroidManifest.xml:22:5-23:19
MERGED from [com.google.android.gms:play-services-measurement-api:16.0.2] AndroidManifest.xml:22:5-23:19
MERGED from [com.google.firebase:firebase-analytics-impl:16.2.2] AndroidManifest.xml:28:5-38:19
MERGED from [com.google.firebase:firebase-analytics-impl:16.2.2] AndroidManifest.xml:28:5-38:19
MERGED from [com.google.firebase:firebase-iid:17.0.3] AndroidManifest.xml:28:5-57:19
MERGED from [com.google.firebase:firebase-iid:17.0.3] AndroidManifest.xml:28:5-57:19
MERGED from [com.google.firebase:firebase-iid-interop:16.0.1] AndroidManifest.xml:7:5-8:19
MERGED from [com.google.firebase:firebase-iid-interop:16.0.1] AndroidManifest.xml:7:5-8:19
MERGED from [com.google.android.gms:play-services-base:16.0.1] AndroidManifest.xml:22:5-27:19
MERGED from [com.google.android.gms:play-services-base:16.0.1] AndroidManifest.xml:22:5-27:19
MERGED from [com.google.firebase:firebase-common:16.0.3] AndroidManifest.xml:9:5-15:19
MERGED from [com.google.firebase:firebase-common:16.0.3] AndroidManifest.xml:9:5-15:19
MERGED from [com.google.android.gms:play-services-tasks:16.0.1] AndroidManifest.xml:7:5-20
MERGED from [com.google.android.gms:play-services-tasks:16.0.1] AndroidManifest.xml:7:5-20
MERGED from [com.google.android.gms:play-services-stats:16.0.1] AndroidManifest.xml:7:5-20
MERGED from [com.google.android.gms:play-services-stats:16.0.1] AndroidManifest.xml:7:5-20
MERGED from [com.google.firebase:firebase-measurement-connector:17.0.1] AndroidManifest.xml:22:5-23:19
MERGED from [com.google.firebase:firebase-measurement-connector:17.0.1] AndroidManifest.xml:22:5-23:19
MERGED from [com.google.android.gms:play-services-ads-identifier:16.0.0] AndroidManifest.xml:22:5-20
MERGED from [com.google.android.gms:play-services-ads-identifier:16.0.0] AndroidManifest.xml:22:5-20
MERGED from [com.google.android.gms:play-services-basement:16.0.1] AndroidManifest.xml:22:5-26:19
MERGED from [com.google.android.gms:play-services-basement:16.0.1] AndroidManifest.xml:22:5-26:19
MERGED from [com.android.support:support-compat:28.0.0] AndroidManifest.xml:22:5-94
MERGED from [com.android.support:support-compat:28.0.0] AndroidManifest.xml:22:5-94
MERGED from [com.android.support:versionedparcelable:28.0.0] AndroidManifest.xml:22:5-23:19
MERGED from [com.android.support:versionedparcelable:28.0.0] AndroidManifest.xml:22:5-23:19
MERGED from [com.google.android.gms:play-services-measurement-base:16.0.3] AndroidManifest.xml:7:5-20
MERGED from [com.google.android.gms:play-services-measurement-base:16.0.3] AndroidManifest.xml:7:5-20
	android:appComponentFactory
		ADDED from [com.android.support:support-compat:28.0.0] AndroidManifest.xml:22:18-91
	android:supportsRtl
		ADDED from src\main\AndroidManifest.xml:17:9-35
	android:label
		ADDED from src\main\AndroidManifest.xml:15:9-41
	android:roundIcon
		ADDED from src\main\AndroidManifest.xml:16:9-44
	android:largeHeap
		ADDED from src\main\AndroidManifest.xml:18:9-33
	android:icon
		ADDED from src\main\AndroidManifest.xml:14:9-39
	android:allowBackup
		ADDED from src\main\AndroidManifest.xml:13:9-35
	android:theme
		ADDED from src\main\AndroidManifest.xml:19:9-40
activity#pt.com.whatsappandroid.cursoandroid.whatsapp.activity.LoginActivity
ADDED from src\main\AndroidManifest.xml:20:9-26:20
	android:name
		ADDED from src\main\AndroidManifest.xml:20:19-57
intent-filter#action:name:android.intent.action.MAIN+category:name:android.intent.category.LAUNCHER
ADDED from src\main\AndroidManifest.xml:21:13-25:29
action#android.intent.action.MAIN
ADDED from src\main\AndroidManifest.xml:22:17-69
	android:name
		ADDED from src\main\AndroidManifest.xml:22:25-66
category#android.intent.category.LAUNCHER
ADDED from src\main\AndroidManifest.xml:24:17-77
	android:name
		ADDED from src\main\AndroidManifest.xml:24:27-74
activity#pt.com.whatsappandroid.cursoandroid.whatsapp.activity.MainActivity
ADDED from src\main\AndroidManifest.xml:27:9-59
	android:name
		ADDED from src\main\AndroidManifest.xml:27:19-56
activity#pt.com.whatsappandroid.cursoandroid.whatsapp.activity.ValidadorActivity
ADDED from src\main\AndroidManifest.xml:28:9-64
	android:name
		ADDED from src\main\AndroidManifest.xml:28:19-61
activity#pt.com.whatsappandroid.cursoandroid.whatsapp.activity.CadastroUsuarioActivity
ADDED from src\main\AndroidManifest.xml:29:9-70
	android:name
		ADDED from src\main\AndroidManifest.xml:29:19-67
activity#pt.com.whatsappandroid.cursoandroid.whatsapp.activity.ConversaActivity
ADDED from src\main\AndroidManifest.xml:30:9-37:20
	android:parentActivityName
		ADDED from src\main\AndroidManifest.xml:32:13-64
	android:launchMode
		ADDED from src\main\AndroidManifest.xml:33:13-43
	android:name
		ADDED from src\main\AndroidManifest.xml:31:13-54
meta-data#android.support.PARENT_ACTIVITY
ADDED from src\main\AndroidManifest.xml:34:13-36:102
	android:value
		ADDED from src\main\AndroidManifest.xml:36:17-99
	android:name
		ADDED from src\main\AndroidManifest.xml:35:17-63
service#pt.com.whatsappandroid.cursoandroid.whatsapp.activity.NotificacaoService
ADDED from src\main\AndroidManifest.xml:39:9-42:48
	android:enabled
		ADDED from src\main\AndroidManifest.xml:41:13-35
	android:exported
		ADDED from src\main\AndroidManifest.xml:42:13-37
	android:name
		ADDED from src\main\AndroidManifest.xml:40:13-56
uses-sdk
INJECTED from src\main\AndroidManifest.xml reason: use-sdk injection requested
INJECTED from src\main\AndroidManifest.xml
INJECTED from src\main\AndroidManifest.xml
MERGED from [com.android.support:design:28.0.0] AndroidManifest.xml:20:5-44
MERGED from [com.android.support:design:28.0.0] AndroidManifest.xml:20:5-44
MERGED from [com.github.rtoshiro.mflibrary:mflibrary:1.0.0] AndroidManifest.xml:7:5-9:41
MERGED from [com.github.rtoshiro.mflibrary:mflibrary:1.0.0] AndroidManifest.xml:7:5-9:41
MERGED from [com.android.support:appcompat-v7:28.0.0] AndroidManifest.xml:20:5-44
MERGED from [com.android.support:appcompat-v7:28.0.0] AndroidManifest.xml:20:5-44
MERGED from [com.android.support.constraint:constraint-layout:1.1.3] AndroidManifest.xml:5:5-7:41
MERGED from [com.android.support.constraint:constraint-layout:1.1.3] AndroidManifest.xml:5:5-7:41
MERGED from [com.google.firebase:firebase-core:16.0.4] AndroidManifest.xml:5:5-44
MERGED from [com.google.firebase:firebase-core:16.0.4] AndroidManifest.xml:5:5-44
MERGED from [com.google.firebase:firebase-database:16.0.3] AndroidManifest.xml:18:5-20:41
MERGED from [com.google.firebase:firebase-database:16.0.3] AndroidManifest.xml:18:5-20:41
MERGED from [com.google.firebase:firebase-storage:16.0.3] AndroidManifest.xml:19:5-21:41
MERGED from [com.google.firebase:firebase-storage:16.0.3] AndroidManifest.xml:19:5-21:41
MERGED from [com.google.firebase:firebase-auth:16.0.4] AndroidManifest.xml:20:5-44
MERGED from [com.google.firebase:firebase-auth:16.0.4] AndroidManifest.xml:20:5-44
MERGED from [com.google.firebase:firebase-measurement-connector-impl:17.0.2] AndroidManifest.xml:20:5-44
MERGED from [com.google.firebase:firebase-measurement-connector-impl:17.0.2] AndroidManifest.xml:20:5-44
MERGED from [com.google.firebase:firebase-analytics:16.0.4] AndroidManifest.xml:20:5-44
MERGED from [com.google.firebase:firebase-analytics:16.0.4] AndroidManifest.xml:20:5-44
MERGED from [com.google.android.gms:play-services-flags:16.0.1] AndroidManifest.xml:20:5-44
MERGED from [com.google.android.gms:play-services-flags:16.0.1] AndroidManifest.xml:20:5-44
MERGED from [com.google.firebase:firebase-auth-interop:16.0.1] AndroidManifest.xml:5:5-44
MERGED from [com.google.firebase:firebase-auth-interop:16.0.1] AndroidManifest.xml:5:5-44
MERGED from [com.google.android.gms:play-services-measurement-api:16.0.2] AndroidManifest.xml:20:5-44
MERGED from [com.google.android.gms:play-services-measurement-api:16.0.2] AndroidManifest.xml:20:5-44
MERGED from [com.google.firebase:firebase-analytics-impl:16.2.2] AndroidManifest.xml:20:5-44
MERGED from [com.google.firebase:firebase-analytics-impl:16.2.2] AndroidManifest.xml:20:5-44
MERGED from [com.google.firebase:firebase-iid:17.0.3] AndroidManifest.xml:20:5-44
MERGED from [com.google.firebase:firebase-iid:17.0.3] AndroidManifest.xml:20:5-44
MERGED from [com.google.firebase:firebase-iid-interop:16.0.1] AndroidManifest.xml:5:5-44
MERGED from [com.google.firebase:firebase-iid-interop:16.0.1] AndroidManifest.xml:5:5-44
MERGED from [com.google.android.gms:play-services-base:16.0.1] AndroidManifest.xml:20:5-44
MERGED from [com.google.android.gms:play-services-base:16.0.1] AndroidManifest.xml:20:5-44
MERGED from [com.google.firebase:firebase-common:16.0.3] AndroidManifest.xml:5:5-7:41
MERGED from [com.google.firebase:firebase-common:16.0.3] AndroidManifest.xml:5:5-7:41
MERGED from [com.google.android.gms:play-services-tasks:16.0.1] AndroidManifest.xml:5:5-44
MERGED from [com.google.android.gms:play-services-tasks:16.0.1] AndroidManifest.xml:5:5-44
MERGED from [com.google.firebase:firebase-database-collection:16.0.0] AndroidManifest.xml:6:5-44
MERGED from [com.google.firebase:firebase-database-collection:16.0.0] AndroidManifest.xml:6:5-44
MERGED from [com.google.android.gms:play-services-stats:16.0.1] AndroidManifest.xml:5:5-44
MERGED from [com.google.android.gms:play-services-stats:16.0.1] AndroidManifest.xml:5:5-44
MERGED from [com.google.firebase:firebase-measurement-connector:17.0.1] AndroidManifest.xml:20:5-44
MERGED from [com.google.firebase:firebase-measurement-connector:17.0.1] AndroidManifest.xml:20:5-44
MERGED from [com.google.android.gms:play-services-ads-identifier:16.0.0] AndroidManifest.xml:20:5-44
MERGED from [com.google.android.gms:play-services-ads-identifier:16.0.0] AndroidManifest.xml:20:5-44
MERGED from [com.google.android.gms:play-services-basement:16.0.1] AndroidManifest.xml:20:5-44
MERGED from [com.google.android.gms:play-services-basement:16.0.1] AndroidManifest.xml:20:5-44
MERGED from [com.android.support:support-v4:28.0.0] AndroidManifest.xml:20:5-44
MERGED from [com.android.support:support-v4:28.0.0] AndroidManifest.xml:20:5-44
MERGED from [com.android.support:support-fragment:28.0.0] AndroidManifest.xml:20:5-44
MERGED from [com.android.support:support-fragment:28.0.0] AndroidManifest.xml:20:5-44
MERGED from [com.android.support:recyclerview-v7:28.0.0] AndroidManifest.xml:20:5-44
MERGED from [com.android.support:recyclerview-v7:28.0.0] AndroidManifest.xml:20:5-44
MERGED from [com.android.support:animated-vector-drawable:28.0.0] AndroidManifest.xml:20:5-44
MERGED from [com.android.support:animated-vector-drawable:28.0.0] AndroidManifest.xml:20:5-44
MERGED from [com.android.support:support-core-ui:28.0.0] AndroidManifest.xml:20:5-44
MERGED from [com.android.support:support-core-ui:28.0.0] AndroidManifest.xml:20:5-44
MERGED from [com.android.support:support-core-utils:28.0.0] AndroidManifest.xml:20:5-44
MERGED from [com.android.support:support-core-utils:28.0.0] AndroidManifest.xml:20:5-44
MERGED from [com.android.support:transition:28.0.0] AndroidManifest.xml:20:5-44
MERGED from [com.android.support:transition:28.0.0] AndroidManifest.xml:20:5-44
MERGED from [com.android.support:loader:28.0.0] AndroidManifest.xml:20:5-44
MERGED from [com.android.support:loader:28.0.0] AndroidManifest.xml:20:5-44
MERGED from [com.android.support:viewpager:28.0.0] AndroidManifest.xml:20:5-44
MERGED from [com.android.support:viewpager:28.0.0] AndroidManifest.xml:20:5-44
MERGED from [com.android.support:coordinatorlayout:28.0.0] AndroidManifest.xml:20:5-44
MERGED from [com.android.support:coordinatorlayout:28.0.0] AndroidManifest.xml:20:5-44
MERGED from [com.android.support:drawerlayout:28.0.0] AndroidManifest.xml:20:5-44
MERGED from [com.android.support:drawerlayout:28.0.0] AndroidManifest.xml:20:5-44
MERGED from [com.android.support:slidingpanelayout:28.0.0] AndroidManifest.xml:20:5-44
MERGED from [com.android.support:slidingpanelayout:28.0.0] AndroidManifest.xml:20:5-44
MERGED from [com.android.support:customview:28.0.0] AndroidManifest.xml:20:5-44
MERGED from [com.android.support:customview:28.0.0] AndroidManifest.xml:20:5-44
MERGED from [com.android.support:swiperefreshlayout:28.0.0] AndroidManifest.xml:20:5-44
MERGED from [com.android.support:swiperefreshlayout:28.0.0] AndroidManifest.xml:20:5-44
MERGED from [com.android.support:asynclayoutinflater:28.0.0] AndroidManifest.xml:20:5-44
MERGED from [com.android.support:asynclayoutinflater:28.0.0] AndroidManifest.xml:20:5-44
MERGED from [com.android.support:support-vector-drawable:28.0.0] AndroidManifest.xml:20:5-44
MERGED from [com.android.support:support-vector-drawable:28.0.0] AndroidManifest.xml:20:5-44
MERGED from [com.android.support:support-media-compat:28.0.0] AndroidManifest.xml:20:5-44
MERGED from [com.android.support:support-media-compat:28.0.0] AndroidManifest.xml:20:5-44
MERGED from [com.android.support:support-compat:28.0.0] AndroidManifest.xml:20:5-44
MERGED from [com.android.support:support-compat:28.0.0] AndroidManifest.xml:20:5-44
MERGED from [me.leolin:ShortcutBadger:1.1.22] AndroidManifest.xml:7:5-9:41
MERGED from [me.leolin:ShortcutBadger:1.1.22] AndroidManifest.xml:7:5-9:41
MERGED from [com.android.support:versionedparcelable:28.0.0] AndroidManifest.xml:20:5-44
MERGED from [com.android.support:versionedparcelable:28.0.0] AndroidManifest.xml:20:5-44
MERGED from [android.arch.lifecycle:livedata:1.1.1] AndroidManifest.xml:20:5-44
MERGED from [android.arch.lifecycle:livedata:1.1.1] AndroidManifest.xml:20:5-44
MERGED from [android.arch.lifecycle:livedata-core:1.1.1] AndroidManifest.xml:20:5-44
MERGED from [android.arch.lifecycle:livedata-core:1.1.1] AndroidManifest.xml:20:5-44
MERGED from [android.arch.core:runtime:1.1.1] AndroidManifest.xml:20:5-44
MERGED from [android.arch.core:runtime:1.1.1] AndroidManifest.xml:20:5-44
MERGED from [android.arch.lifecycle:runtime:1.1.1] AndroidManifest.xml:20:5-44
MERGED from [android.arch.lifecycle:runtime:1.1.1] AndroidManifest.xml:20:5-44
MERGED from [com.android.support:cardview-v7:28.0.0] AndroidManifest.xml:20:5-44
MERGED from [com.android.support:cardview-v7:28.0.0] AndroidManifest.xml:20:5-44
MERGED from [com.android.support:documentfile:28.0.0] AndroidManifest.xml:20:5-44
MERGED from [com.android.support:documentfile:28.0.0] AndroidManifest.xml:20:5-44
MERGED from [com.android.support:localbroadcastmanager:28.0.0] AndroidManifest.xml:20:5-44
MERGED from [com.android.support:localbroadcastmanager:28.0.0] AndroidManifest.xml:20:5-44
MERGED from [com.android.support:print:28.0.0] AndroidManifest.xml:20:5-44
MERGED from [com.android.support:print:28.0.0] AndroidManifest.xml:20:5-44
MERGED from [android.arch.lifecycle:viewmodel:1.1.1] AndroidManifest.xml:20:5-44
MERGED from [android.arch.lifecycle:viewmodel:1.1.1] AndroidManifest.xml:20:5-44
MERGED from [com.android.support:interpolator:28.0.0] AndroidManifest.xml:20:5-44
MERGED from [com.android.support:interpolator:28.0.0] AndroidManifest.xml:20:5-44
MERGED from [com.android.support:cursoradapter:28.0.0] AndroidManifest.xml:20:5-44
MERGED from [com.android.support:cursoradapter:28.0.0] AndroidManifest.xml:20:5-44
MERGED from [com.google.android.gms:play-services-measurement-base:16.0.3] AndroidManifest.xml:5:5-44
MERGED from [com.google.android.gms:play-services-measurement-base:16.0.3] AndroidManifest.xml:5:5-44
INJECTED from src\main\AndroidManifest.xml
INJECTED from src\main\AndroidManifest.xml
	android:targetSdkVersion
		INJECTED from src\main\AndroidManifest.xml
		ADDED from src\main\AndroidManifest.xml
		INJECTED from src\main\AndroidManifest.xml
	android:minSdkVersion
		INJECTED from src\main\AndroidManifest.xml
		ADDED from src\main\AndroidManifest.xml
		INJECTED from src\main\AndroidManifest.xml
uses-permission#android.permission.ACCESS_NETWORK_STATE
ADDED from [com.google.firebase:firebase-database:16.0.3] AndroidManifest.xml:22:5-79
MERGED from [com.google.firebase:firebase-storage:16.0.3] AndroidManifest.xml:23:5-79
MERGED from [com.google.firebase:firebase-storage:16.0.3] AndroidManifest.xml:23:5-79
MERGED from [com.google.firebase:firebase-measurement-connector-impl:17.0.2] AndroidManifest.xml:23:5-79
MERGED from [com.google.firebase:firebase-measurement-connector-impl:17.0.2] AndroidManifest.xml:23:5-79
MERGED from [com.google.firebase:firebase-analytics:16.0.4] AndroidManifest.xml:24:5-79
MERGED from [com.google.firebase:firebase-analytics:16.0.4] AndroidManifest.xml:24:5-79
MERGED from [com.google.firebase:firebase-analytics-impl:16.2.2] AndroidManifest.xml:24:5-79
MERGED from [com.google.firebase:firebase-analytics-impl:16.2.2] AndroidManifest.xml:24:5-79
MERGED from [com.google.firebase:firebase-iid:17.0.3] AndroidManifest.xml:22:5-79
MERGED from [com.google.firebase:firebase-iid:17.0.3] AndroidManifest.xml:22:5-79
	android:name
		ADDED from [com.google.firebase:firebase-database:16.0.3] AndroidManifest.xml:22:22-76
activity#com.google.firebase.auth.internal.FederatedSignInActivity
ADDED from [com.google.firebase:firebase-auth:16.0.4] AndroidManifest.xml:23:9-29:75
	android:excludeFromRecents
		ADDED from [com.google.firebase:firebase-auth:16.0.4] AndroidManifest.xml:25:13-46
	android:launchMode
		ADDED from [com.google.firebase:firebase-auth:16.0.4] AndroidManifest.xml:27:13-48
	android:exported
		ADDED from [com.google.firebase:firebase-auth:16.0.4] AndroidManifest.xml:26:13-36
	android:permission
		ADDED from [com.google.firebase:firebase-auth:16.0.4] AndroidManifest.xml:28:13-102
	android:theme
		ADDED from [com.google.firebase:firebase-auth:16.0.4] AndroidManifest.xml:29:13-72
	android:name
		ADDED from [com.google.firebase:firebase-auth:16.0.4] AndroidManifest.xml:24:13-85
service#com.google.firebase.components.ComponentDiscoveryService
ADDED from [com.google.firebase:firebase-auth:16.0.4] AndroidManifest.xml:31:9-35:19
MERGED from [com.google.firebase:firebase-measurement-connector-impl:17.0.2] AndroidManifest.xml:27:9-31:19
MERGED from [com.google.firebase:firebase-measurement-connector-impl:17.0.2] AndroidManifest.xml:27:9-31:19
MERGED from [com.google.firebase:firebase-iid:17.0.3] AndroidManifest.xml:29:9-35:19
MERGED from [com.google.firebase:firebase-iid:17.0.3] AndroidManifest.xml:29:9-35:19
	android:exported
		ADDED from [com.google.firebase:firebase-iid:17.0.3] AndroidManifest.xml:31:13-37
	android:name
		ADDED from [com.google.firebase:firebase-auth:16.0.4] AndroidManifest.xml:31:18-89
meta-data#com.google.firebase.components:com.google.firebase.auth.FirebaseAuthRegistrar
ADDED from [com.google.firebase:firebase-auth:16.0.4] AndroidManifest.xml:32:13-34:85
	android:value
		ADDED from [com.google.firebase:firebase-auth:16.0.4] AndroidManifest.xml:34:17-82
	android:name
		ADDED from [com.google.firebase:firebase-auth:16.0.4] AndroidManifest.xml:33:17-109
uses-permission#android.permission.WAKE_LOCK
ADDED from [com.google.firebase:firebase-measurement-connector-impl:17.0.2] AndroidManifest.xml:24:5-68
MERGED from [com.google.firebase:firebase-analytics:16.0.4] AndroidManifest.xml:25:5-68
MERGED from [com.google.firebase:firebase-analytics:16.0.4] AndroidManifest.xml:25:5-68
MERGED from [com.google.firebase:firebase-analytics-impl:16.2.2] AndroidManifest.xml:25:5-68
MERGED from [com.google.firebase:firebase-analytics-impl:16.2.2] AndroidManifest.xml:25:5-68
MERGED from [com.google.firebase:firebase-iid:17.0.3] AndroidManifest.xml:24:5-68
MERGED from [com.google.firebase:firebase-iid:17.0.3] AndroidManifest.xml:24:5-68
	android:name
		ADDED from [com.google.firebase:firebase-measurement-connector-impl:17.0.2] AndroidManifest.xml:24:22-65
meta-data#com.google.firebase.components:com.google.firebase.analytics.connector.internal.AnalyticsConnectorRegistrar
ADDED from [com.google.firebase:firebase-measurement-connector-impl:17.0.2] AndroidManifest.xml:28:13-30:85
	android:value
		ADDED from [com.google.firebase:firebase-measurement-connector-impl:17.0.2] AndroidManifest.xml:30:17-82
	android:name
		ADDED from [com.google.firebase:firebase-measurement-connector-impl:17.0.2] AndroidManifest.xml:29:17-139
uses-permission#com.google.android.finsky.permission.BIND_GET_INSTALL_REFERRER_SERVICE
ADDED from [com.google.firebase:firebase-analytics:16.0.4] AndroidManifest.xml:26:5-110
MERGED from [com.google.firebase:firebase-analytics-impl:16.2.2] AndroidManifest.xml:26:5-110
MERGED from [com.google.firebase:firebase-analytics-impl:16.2.2] AndroidManifest.xml:26:5-110
	android:name